<?xml version="1.0" encoding="UTF-8"?>
<!-- Generated by org.testng.reporters.JUnitReportReporter -->
<testsuite hostname="DESKTOP-UILR0OR" name="qsp.Demo1" tests="1" failures="0" timestamp="5 Nov 2019 11:11:43 GMT" time="14.927" errors="0">
  <testcase name="test1" time="14.927" classname="qsp.Demo1"/>
</testsuite> <!-- qsp.Demo1 -->
